<?xml version="1.0" encoding="UTF-8"?>
<testng-results ignored="0" total="3" passed="2" failed="1" skipped="0">
  <reporter-output>
  </reporter-output>
  <suite started-at="2022-06-05T16:59:49 IST" name="Suite" finished-at="2022-06-05T17:01:03 IST" duration-ms="74819">
    <groups>
    </groups>
    <test started-at="2022-06-05T16:59:49 IST" name="Test2" finished-at="2022-06-05T17:00:53 IST" duration-ms="64573">
      <class name="tests.Cartpage">
        <test-method is-config="true" signature="open2()[pri:0, instance:tests.Cartpage@aba625]" started-at="2022-06-05T16:59:49 IST" name="open2" finished-at="2022-06-05T17:00:24 IST" duration-ms="35419" status="PASS">
          <reporter-output>
          </reporter-output>
        </test-method> <!-- open2 -->
        <test-method signature="Tabletsincart()[pri:0, instance:tests.Cartpage@aba625]" started-at="2022-06-05T17:00:24 IST" name="Tabletsincart" finished-at="2022-06-05T17:00:51 IST" duration-ms="26763" status="FAIL">
          <exception class="java.lang.AssertionError">
            <message>
              <![CDATA[expected [false] but found [true]]]>
            </message>
            <full-stacktrace>
              <![CDATA[java.lang.AssertionError: expected [false] but found [true]
at org.testng.Assert.fail(Assert.java:99)
at org.testng.Assert.failNotEquals(Assert.java:1037)
at org.testng.Assert.assertEqualsImpl(Assert.java:140)
at org.testng.Assert.assertEquals(Assert.java:122)
at org.testng.Assert.assertEquals(Assert.java:819)
at org.testng.Assert.assertEquals(Assert.java:829)
at tests.Cartpage.Tabletsincart(Cartpage.java:31)
at java.base/jdk.internal.reflect.NativeMethodAccessorImpl.invoke0(Native Method)
at java.base/jdk.internal.reflect.NativeMethodAccessorImpl.invoke(NativeMethodAccessorImpl.java:77)
at java.base/jdk.internal.reflect.DelegatingMethodAccessorImpl.invoke(DelegatingMethodAccessorImpl.java:43)
at java.base/java.lang.reflect.Method.invoke(Method.java:568)
at org.testng.internal.MethodInvocationHelper.invokeMethod(MethodInvocationHelper.java:133)
at org.testng.internal.TestInvoker.invokeMethod(TestInvoker.java:598)
at org.testng.internal.TestInvoker.invokeTestMethod(TestInvoker.java:173)
at org.testng.internal.MethodRunner.runInSequence(MethodRunner.java:46)
at org.testng.internal.TestInvoker$MethodInvocationAgent.invoke(TestInvoker.java:824)
at org.testng.internal.TestInvoker.invokeTestMethods(TestInvoker.java:146)
at org.testng.internal.TestMethodWorker.invokeTestMethods(TestMethodWorker.java:146)
at org.testng.internal.TestMethodWorker.run(TestMethodWorker.java:128)
at java.base/java.util.ArrayList.forEach(ArrayList.java:1511)
at org.testng.TestRunner.privateRun(TestRunner.java:794)
at org.testng.TestRunner.run(TestRunner.java:596)
at org.testng.SuiteRunner.runTest(SuiteRunner.java:377)
at org.testng.SuiteRunner.access$000(SuiteRunner.java:28)
at org.testng.SuiteRunner$SuiteWorker.run(SuiteRunner.java:418)
at org.testng.internal.thread.ThreadUtil.lambda$execute$0(ThreadUtil.java:64)
at java.base/java.util.concurrent.FutureTask.run(FutureTask.java:264)
at java.base/java.util.concurrent.ThreadPoolExecutor.runWorker(ThreadPoolExecutor.java:1136)
at java.base/java.util.concurrent.ThreadPoolExecutor$Worker.run(ThreadPoolExecutor.java:635)
at java.base/java.lang.Thread.run(Thread.java:833)
]]>
            </full-stacktrace>
          </exception> <!-- java.lang.AssertionError -->
          <reporter-output>
          </reporter-output>
        </test-method> <!-- Tabletsincart -->
        <test-method is-config="true" signature="closure2()[pri:0, instance:tests.Cartpage@aba625]" started-at="2022-06-05T17:00:51 IST" name="closure2" finished-at="2022-06-05T17:00:53 IST" duration-ms="2198" status="PASS">
          <reporter-output>
          </reporter-output>
        </test-method> <!-- closure2 -->
      </class> <!-- tests.Cartpage -->
    </test> <!-- Test2 -->
    <test started-at="2022-06-05T16:59:49 IST" name="Test1" finished-at="2022-06-05T17:01:03 IST" duration-ms="74819">
      <class name="tests.Loginpage">
        <test-method is-config="true" signature="open1()[pri:0, instance:tests.Loginpage@303cf2ba]" started-at="2022-06-05T16:59:49 IST" name="open1" finished-at="2022-06-05T17:00:22 IST" duration-ms="33477" status="PASS">
          <reporter-output>
          </reporter-output>
        </test-method> <!-- open1 -->
        <test-method signature="login(java.lang.String,java.lang.String,java.lang.String)[pri:0, instance:tests.Loginpage@303cf2ba]" started-at="2022-06-05T17:00:22 IST" name="login" data-provider="getlogindata" finished-at="2022-06-05T17:00:26 IST" duration-ms="3749" status="PASS">
          <params>
            <param index="0">
              <value>
                <![CDATA[stalinmlmrma@gmail.com]]>
              </value>
            </param>
            <param index="1">
              <value>
                <![CDATA[9092707696]]>
              </value>
            </param>
            <param index="2">
              <value>
                <![CDATA[Sucessfull]]>
              </value>
            </param>
          </params>
          <reporter-output>
          </reporter-output>
        </test-method> <!-- login -->
        <test-method is-config="true" signature="closure()[pri:0, instance:tests.Loginpage@303cf2ba]" started-at="2022-06-05T17:00:26 IST" name="closure" finished-at="2022-06-05T17:00:26 IST" duration-ms="40" status="PASS">
          <reporter-output>
          </reporter-output>
        </test-method> <!-- closure -->
        <test-method is-config="true" signature="open1()[pri:0, instance:tests.Loginpage@303cf2ba]" started-at="2022-06-05T17:00:26 IST" name="open1" finished-at="2022-06-05T17:00:48 IST" duration-ms="22501" status="PASS">
          <reporter-output>
          </reporter-output>
        </test-method> <!-- open1 -->
        <test-method signature="login(java.lang.String,java.lang.String,java.lang.String)[pri:0, instance:tests.Loginpage@303cf2ba]" started-at="2022-06-05T17:00:48 IST" name="login" data-provider="getlogindata" finished-at="2022-06-05T17:01:03 IST" duration-ms="14976" status="PASS">
          <params>
            <param index="0">
              <value>
                <![CDATA[dummy@test.com]]>
              </value>
            </param>
            <param index="1">
              <value>
                <![CDATA[12356460]]>
              </value>
            </param>
            <param index="2">
              <value>
                <![CDATA[Failure]]>
              </value>
            </param>
          </params>
          <reporter-output>
          </reporter-output>
        </test-method> <!-- login -->
        <test-method is-config="true" signature="closure()[pri:0, instance:tests.Loginpage@303cf2ba]" started-at="2022-06-05T17:01:03 IST" name="closure" finished-at="2022-06-05T17:01:03 IST" duration-ms="43" status="PASS">
          <reporter-output>
          </reporter-output>
        </test-method> <!-- closure -->
      </class> <!-- tests.Loginpage -->
    </test> <!-- Test1 -->
  </suite> <!-- Suite -->
</testng-results>
